Using pre-set license
Built from '2020.2/release' branch; Version is '2020.2.2f1 (068178b99f32) revision 426360'; Using compiler version '192528614'; Build Type 'Release'
OS: 'Windows 10 Home; OS build 19041.867; Version 2004; 64bit' Language: 'es' Physical Memory: 16228 MB
BatchMode: 1, IsHumanControllingUs: 0, StartBugReporterOnCrash: 0, Is64bit: 1, IsPro: 0

 COMMAND LINE ARGUMENTS:
C:\Program Files\Unity\Hub\Editor\2020.2.2f1\Editor\Unity.exe
-adb2
-batchMode
-noUpm
-name
AssetImportWorker0
-projectPath
D:/repositorios/multimedia/TFG/Kula World
-logFile
Logs/AssetImportWorker0.log
-srvPort
49417
Successfully changed project path to: D:/repositorios/multimedia/TFG/Kula World
D:/repositorios/multimedia/TFG/Kula World
Using Asset Import Pipeline V2.
Refreshing native plugins compatible for Editor in 23.60 ms, found 0 plugins.
Preloading 0 native plugins for Editor in 0.00 ms.
Initialize engine version: 2020.2.2f1 (068178b99f32)
[Subsystems] Discovering subsystems at path C:/Program Files/Unity/Hub/Editor/2020.2.2f1/Editor/Data/Resources/UnitySubsystems
[Subsystems] Discovering subsystems at path D:/repositorios/multimedia/TFG/Kula World/Assets
GfxDevice: creating device client; threaded=0
Direct3D:
    Version:  Direct3D 11.0 [level 11.1]
    Renderer: NVIDIA GeForce GTX 1070 (ID=0x1ba1)
    Vendor:   
    VRAM:     8082 MB
    Driver:   27.21.14.6192
Initialize mono
Mono path[0] = 'C:/Program Files/Unity/Hub/Editor/2020.2.2f1/Editor/Data/Managed'
Mono path[1] = 'C:/Program Files/Unity/Hub/Editor/2020.2.2f1/Editor/Data/MonoBleedingEdge/lib/mono/unityjit'
Mono config path = 'C:/Program Files/Unity/Hub/Editor/2020.2.2f1/Editor/Data/MonoBleedingEdge/etc'
Using monoOptions --debugger-agent=transport=dt_socket,embedding=1,server=y,suspend=n,address=127.0.0.1:56964
Begin MonoManager ReloadAssembly
Registering precompiled unity dll's ...
Register platform support module: C:/Program Files/Unity/Hub/Editor/2020.2.2f1/Editor/Data/PlaybackEngines/WebGLSupport/UnityEditor.WebGL.Extensions.dll
Register platform support module: C:/Program Files/Unity/Hub/Editor/2020.2.2f1/Editor/Data/PlaybackEngines/MacStandaloneSupport/UnityEditor.OSXStandalone.Extensions.dll
Register platform support module: C:/Program Files/Unity/Hub/Editor/2020.2.2f1/Editor/Data/PlaybackEngines/WindowsStandaloneSupport/UnityEditor.WindowsStandalone.Extensions.dll
Register platform support module: C:/Program Files/Unity/Hub/Editor/2020.2.2f1/Editor/Data/PlaybackEngines/LinuxStandaloneSupport/UnityEditor.LinuxStandalone.Extensions.dll
Register platform support module: C:/Program Files/Unity/Hub/Editor/2020.2.2f1/Editor/Data/PlaybackEngines/LuminSupport/UnityEditor.Lumin.Extensions.dll
Registered in 0.003440 seconds.
Native extension for Lumin target not found
Native extension for LinuxStandalone target not found
Native extension for WindowsStandalone target not found
Native extension for OSXStandalone target not found
Native extension for WebGL target not found
Refreshing native plugins compatible for Editor in 23.34 ms, found 0 plugins.
Preloading 0 native plugins for Editor in 0.00 ms.
Invoked RoslynAnalysisRunner static constructor.
RoslynAnalysisRunner will not be running.
RoslynAnalysisRunner has terminated.
Mono: successfully reloaded assembly
- Completed reload, in  2.021 seconds
Platform modules already initialized, skipping
Registering precompiled user dll's ...
Registered in 0.000493 seconds.
Begin MonoManager ReloadAssembly
Native extension for Lumin target not found
Native extension for LinuxStandalone target not found
Native extension for WindowsStandalone target not found
Native extension for OSXStandalone target not found
Native extension for WebGL target not found
Refreshing native plugins compatible for Editor in 0.22 ms, found 0 plugins.
Preloading 0 native plugins for Editor in 0.00 ms.
Invoked RoslynAnalysisRunner static constructor.
RoslynAnalysisRunner will not be running.
RoslynAnalysisRunner has terminated.
Mono: successfully reloaded assembly
- Completed reload, in  0.807 seconds
Platform modules already initialized, skipping
========================================================================
Worker process is ready to serve import requests
Launched and connected shader compiler UnityShaderCompiler.exe after 0.05 seconds
Refreshing native plugins compatible for Editor in 0.21 ms, found 0 plugins.
Preloading 0 native plugins for Editor in 0.00 ms.
Unloading 1133 Unused Serialized files (Serialized files now loaded: 0)
System memory in use before: 59.5 MB.
System memory in use after: 59.6 MB.

Unloading 8 unused Assets to reduce memory usage. Loaded Objects now: 1580.
Total: 2.195300 ms (FindLiveObjects: 0.298900 ms CreateObjectMapping: 0.086300 ms MarkObjects: 1.787600 ms  DeleteObjects: 0.020600 ms)

========================================================================
Received Import Request.
  path: Assets/Muerte.cs
  artifactKey: Guid(9b94cec44582764499ec9778a33be76f) Importer(815301076,1909f56bfc062723c751e8b465ee728b)
Start importing Assets/Muerte.cs using Guid(9b94cec44582764499ec9778a33be76f) Importer(815301076,1909f56bfc062723c751e8b465ee728b)  -> (artifact id: 'd8e52acb01269bd92d74706bd7b4631d') in 0.047157 seconds
  Import took 0.049011 seconds .

========================================================================
Received Import Request.
  Time since last request: 10.809800 seconds.
  path: Assets/Scripts
  artifactKey: Guid(42e566e9d7defb44db1a6c22ac020006) Importer(815301076,1909f56bfc062723c751e8b465ee728b)
Start importing Assets/Scripts using Guid(42e566e9d7defb44db1a6c22ac020006) Importer(815301076,1909f56bfc062723c751e8b465ee728b)  -> (artifact id: '7ce9e20834a9c4b5980da10bbf232742') in 0.327684 seconds
  Import took 0.329755 seconds .

========================================================================
Received Prepare
Registering precompiled user dll's ...
Registered in 0.000738 seconds.
Begin MonoManager ReloadAssembly
Native extension for Lumin target not found
Native extension for LinuxStandalone target not found
Native extension for WindowsStandalone target not found
Native extension for OSXStandalone target not found
Native extension for WebGL target not found
Refreshing native plugins compatible for Editor in 0.20 ms, found 0 plugins.
Preloading 0 native plugins for Editor in 0.00 ms.
Invoked RoslynAnalysisRunner static constructor.
RoslynAnalysisRunner will not be running.
RoslynAnalysisRunner has terminated.
Mono: successfully reloaded assembly
- Completed reload, in  0.818 seconds
Platform modules already initialized, skipping
Refreshing native plugins compatible for Editor in 0.21 ms, found 0 plugins.
Preloading 0 native plugins for Editor in 0.00 ms.
Unloading 1114 Unused Serialized files (Serialized files now loaded: 0)
System memory in use before: 58.7 MB.
System memory in use after: 58.8 MB.

Unloading 4 unused Assets to reduce memory usage. Loaded Objects now: 1582.
Total: 1.810400 ms (FindLiveObjects: 0.170500 ms CreateObjectMapping: 0.031900 ms MarkObjects: 1.594400 ms  DeleteObjects: 0.012300 ms)

========================================================================
Received Prepare
Registering precompiled user dll's ...
Registered in 0.000483 seconds.
Begin MonoManager ReloadAssembly
Native extension for Lumin target not found
Native extension for LinuxStandalone target not found
Native extension for WindowsStandalone target not found
Native extension for OSXStandalone target not found
Native extension for WebGL target not found
Refreshing native plugins compatible for Editor in 0.21 ms, found 0 plugins.
Preloading 0 native plugins for Editor in 0.00 ms.
Invoked RoslynAnalysisRunner static constructor.
RoslynAnalysisRunner will not be running.
RoslynAnalysisRunner has terminated.
Mono: successfully reloaded assembly
- Completed reload, in  0.792 seconds
Platform modules already initialized, skipping
Refreshing native plugins compatible for Editor in 0.21 ms, found 0 plugins.
Preloading 0 native plugins for Editor in 0.00 ms.
Unloading 1114 Unused Serialized files (Serialized files now loaded: 0)
System memory in use before: 59.0 MB.
System memory in use after: 59.1 MB.

Unloading 4 unused Assets to reduce memory usage. Loaded Objects now: 1584.
Total: 1.722000 ms (FindLiveObjects: 0.124000 ms CreateObjectMapping: 0.032600 ms MarkObjects: 1.546300 ms  DeleteObjects: 0.018000 ms)

========================================================================
Received Import Request.
  Time since last request: 54.465389 seconds.
  path: Assets/Scenes/NivelUno.unity
  artifactKey: Guid(9fc0d4010bbf28b4594072e72b8655ab) Importer(815301076,1909f56bfc062723c751e8b465ee728b)
Start importing Assets/Scenes/NivelUno.unity using Guid(9fc0d4010bbf28b4594072e72b8655ab) Importer(815301076,1909f56bfc062723c751e8b465ee728b)  -> (artifact id: 'b62b137be982ece81559fbcfe31357b5') in 0.013920 seconds
  Import took 0.015738 seconds .

========================================================================
Received Import Request.
  Time since last request: 11.495723 seconds.
  path: Assets/Scenes/NivelUnoPrincipiante.unity
  artifactKey: Guid(9fc0d4010bbf28b4594072e72b8655ab) Importer(815301076,1909f56bfc062723c751e8b465ee728b)
Start importing Assets/Scenes/NivelUnoPrincipiante.unity using Guid(9fc0d4010bbf28b4594072e72b8655ab) Importer(815301076,1909f56bfc062723c751e8b465ee728b)  -> (artifact id: '8face06cda33827a4a4321bb2894b690') in 0.006594 seconds
  Import took 0.010451 seconds .

========================================================================
Received Import Request.
  Time since last request: 1.984802 seconds.
  path: Assets/Scenes/NivelUnoIntermedio.unity
  artifactKey: Guid(1318415381037cc439b2aebd20eab380) Importer(815301076,1909f56bfc062723c751e8b465ee728b)
Start importing Assets/Scenes/NivelUnoIntermedio.unity using Guid(1318415381037cc439b2aebd20eab380) Importer(815301076,1909f56bfc062723c751e8b465ee728b)  -> (artifact id: '99ec633089658a083b32dbe35d6f884f') in 0.007748 seconds
  Import took 0.010289 seconds .

========================================================================
Received Import Request.
  Time since last request: 0.000580 seconds.
  path: Assets/Scenes/NivelUnoIntermedio.unity
  artifactKey: Guid(1318415381037cc439b2aebd20eab380) Importer(815301076,1909f56bfc062723c751e8b465ee728b)
Start importing Assets/Scenes/NivelUnoIntermedio.unity using Guid(1318415381037cc439b2aebd20eab380) Importer(815301076,1909f56bfc062723c751e8b465ee728b)  -> (artifact id: '99ec633089658a083b32dbe35d6f884f') in 0.005289 seconds
  Import took 0.007900 seconds .

========================================================================
Received Import Request.
  Time since last request: 121.924980 seconds.
  path: Assets/Scenes/NivelUnoIntermedio.unity
  artifactKey: Guid(1318415381037cc439b2aebd20eab380) Importer(815301076,1909f56bfc062723c751e8b465ee728b)
Start importing Assets/Scenes/NivelUnoIntermedio.unity using Guid(1318415381037cc439b2aebd20eab380) Importer(815301076,1909f56bfc062723c751e8b465ee728b)  -> (artifact id: 'f3398f66f762de3683b133586a50c3b9') in 0.001969 seconds
  Import took 0.005702 seconds .

========================================================================
Received Import Request.
  Time since last request: 25.236626 seconds.
  path: Assets/Scenes/NivelUnoIntermedio.unity
  artifactKey: Guid(1318415381037cc439b2aebd20eab380) Importer(815301076,1909f56bfc062723c751e8b465ee728b)
Start importing Assets/Scenes/NivelUnoIntermedio.unity using Guid(1318415381037cc439b2aebd20eab380) Importer(815301076,1909f56bfc062723c751e8b465ee728b)  -> (artifact id: '80b03ae3075a0476464a92646526c79c') in 0.002187 seconds
  Import took 0.004716 seconds .

========================================================================
Received Import Request.
  Time since last request: 2983.700988 seconds.
  path: Assets/Scenes/NivelUnoIntermedio.unity
  artifactKey: Guid(1318415381037cc439b2aebd20eab380) Importer(815301076,1909f56bfc062723c751e8b465ee728b)
Start importing Assets/Scenes/NivelUnoIntermedio.unity using Guid(1318415381037cc439b2aebd20eab380) Importer(815301076,1909f56bfc062723c751e8b465ee728b)  -> (artifact id: 'd4576b4239447fb116fcfe4485d5e60e') in 0.009976 seconds
  Import took 0.012615 seconds .

========================================================================
Received Import Request.
  Time since last request: 14.338286 seconds.
  path: Assets/Scenes/NivelUnoIntermedio.unity
  artifactKey: Guid(1318415381037cc439b2aebd20eab380) Importer(815301076,1909f56bfc062723c751e8b465ee728b)
Start importing Assets/Scenes/NivelUnoIntermedio.unity using Guid(1318415381037cc439b2aebd20eab380) Importer(815301076,1909f56bfc062723c751e8b465ee728b)  -> (artifact id: '152f7581b53a7579408bd3ad58425882') in 0.002296 seconds
  Import took 0.004621 seconds .

========================================================================
Received Prepare
Registering precompiled user dll's ...
Registered in 0.000579 seconds.
Begin MonoManager ReloadAssembly
Native extension for Lumin target not found
Native extension for LinuxStandalone target not found
Native extension for WindowsStandalone target not found
Native extension for OSXStandalone target not found
Native extension for WebGL target not found
Refreshing native plugins compatible for Editor in 0.20 ms, found 0 plugins.
Preloading 0 native plugins for Editor in 0.00 ms.
Invoked RoslynAnalysisRunner static constructor.
RoslynAnalysisRunner will not be running.
RoslynAnalysisRunner has terminated.
Mono: successfully reloaded assembly
- Completed reload, in  0.777 seconds
Platform modules already initialized, skipping
Refreshing native plugins compatible for Editor in 0.21 ms, found 0 plugins.
Preloading 0 native plugins for Editor in 0.00 ms.
Unloading 1114 Unused Serialized files (Serialized files now loaded: 0)
System memory in use before: 59.6 MB.
System memory in use after: 59.7 MB.

Unloading 4 unused Assets to reduce memory usage. Loaded Objects now: 1586.
Total: 1.454400 ms (FindLiveObjects: 0.138500 ms CreateObjectMapping: 0.034400 ms MarkObjects: 1.268400 ms  DeleteObjects: 0.012100 ms)

========================================================================
Received Import Request.
  Time since last request: 1038.103256 seconds.
  path: Assets/Scenes/NivelUnoIntermedio.unity
  artifactKey: Guid(1318415381037cc439b2aebd20eab380) Importer(815301076,1909f56bfc062723c751e8b465ee728b)
Start importing Assets/Scenes/NivelUnoIntermedio.unity using Guid(1318415381037cc439b2aebd20eab380) Importer(815301076,1909f56bfc062723c751e8b465ee728b)  -> (artifact id: 'f590a02baa51a6180a34c9dfe1855a58') in 0.012402 seconds
  Import took 0.014874 seconds .

========================================================================
Received Import Request.
  Time since last request: 79.209002 seconds.
  path: Assets/Scenes/NivelUnoIntermedio.unity
  artifactKey: Guid(1318415381037cc439b2aebd20eab380) Importer(815301076,1909f56bfc062723c751e8b465ee728b)
Start importing Assets/Scenes/NivelUnoIntermedio.unity using Guid(1318415381037cc439b2aebd20eab380) Importer(815301076,1909f56bfc062723c751e8b465ee728b)  -> (artifact id: '456f00531d638eaabb9248e9263ef33f') in 0.001995 seconds
  Import took 0.003874 seconds .

========================================================================
Received Import Request.
  Time since last request: 0.001298 seconds.
  path: Assets/Scenes/NivelUnoIntermedio.unity
  artifactKey: Guid(1318415381037cc439b2aebd20eab380) Importer(815301076,1909f56bfc062723c751e8b465ee728b)
Start importing Assets/Scenes/NivelUnoIntermedio.unity using Guid(1318415381037cc439b2aebd20eab380) Importer(815301076,1909f56bfc062723c751e8b465ee728b)  -> (artifact id: '456f00531d638eaabb9248e9263ef33f') in 0.003120 seconds
  Import took 0.005406 seconds .

